<?xml version="1.0" encoding="UTF-8"?>
<!-- Generated by org.testng.reporters.JUnitXMLReporter -->
<testsuite ignored="0" hostname="b012f17de489" failures="0" tests="5" name="test" time="28.979" errors="0" timestamp="2023-01-16T04:54:05 GMT">
  <testcase classname="BookFlightTest" name="registrationPageTest" time="5.085"/>
  <testcase classname="BookFlightTest" name="registrationConfirmationTest" time="0.3"/>
  <testcase classname="BookFlightTest" name="flightDetailsTest" time="2.037"/>
  <testcase classname="BookFlightTest" name="findFlightTest" time="0.837"/>
  <testcase classname="BookFlightTest" name="flightConfirmationPage" time="0.403"/>
</testsuite> <!-- test -->
