<?xml version="1.0" encoding="UTF-8"?>
<testng-results ignored="0" total="3" passed="3" failed="0" skipped="0">
  <reporter-output>
  </reporter-output>
  <suite started-at="2023-01-16T04:53:37 GMT" name="search suite" finished-at="2023-01-16T04:54:15 GMT" duration-ms="38697">
    <groups>
    </groups>
    <test started-at="2023-01-16T04:53:37 GMT" name="search test 1" finished-at="2023-01-16T04:53:46 GMT" duration-ms="9234">
      <class name="SearchTest">
        <test-method is-config="true" signature="setUpDriver()[pri:0, instance:SearchTest@52e677af]" started-at="2023-01-16T04:53:37 GMT" name="setUpDriver" finished-at="2023-01-16T04:53:41 GMT" duration-ms="4567" status="PASS">
          <reporter-output>
          </reporter-output>
        </test-method> <!-- setUpDriver -->
        <test-method signature="searchTest(java.lang.String)[pri:0, instance:SearchTest@52e677af]" started-at="2023-01-16T04:53:41 GMT" name="searchTest" finished-at="2023-01-16T04:53:45 GMT" duration-ms="3806" status="PASS">
          <params>
            <param index="0">
              <value>
                <![CDATA[test]]>
              </value>
            </param>
          </params>
          <reporter-output>
          </reporter-output>
        </test-method> <!-- searchTest -->
        <test-method is-config="true" signature="quit()[pri:0, instance:SearchTest@52e677af]" started-at="2023-01-16T04:53:45 GMT" name="quit" finished-at="2023-01-16T04:53:46 GMT" duration-ms="825" status="PASS">
          <reporter-output>
          </reporter-output>
        </test-method> <!-- quit -->
      </class> <!-- SearchTest -->
    </test> <!-- search test 1 -->
    <test started-at="2023-01-16T04:53:37 GMT" name="search test" finished-at="2023-01-16T04:53:53 GMT" duration-ms="16648">
      <class name="SearchTest">
        <test-method is-config="true" signature="setUpDriver()[pri:0, instance:SearchTest@226a82c4]" started-at="2023-01-16T04:53:37 GMT" name="setUpDriver" finished-at="2023-01-16T04:53:48 GMT" duration-ms="11772" status="PASS">
          <reporter-output>
          </reporter-output>
        </test-method> <!-- setUpDriver -->
        <test-method signature="searchTest(java.lang.String)[pri:0, instance:SearchTest@226a82c4]" started-at="2023-01-16T04:53:48 GMT" name="searchTest" finished-at="2023-01-16T04:53:52 GMT" duration-ms="4114" status="PASS">
          <params>
            <param index="0">
              <value>
                <![CDATA[Java]]>
              </value>
            </param>
          </params>
          <reporter-output>
          </reporter-output>
        </test-method> <!-- searchTest -->
        <test-method is-config="true" signature="quit()[pri:0, instance:SearchTest@226a82c4]" started-at="2023-01-16T04:53:52 GMT" name="quit" finished-at="2023-01-16T04:53:53 GMT" duration-ms="746" status="PASS">
          <reporter-output>
          </reporter-output>
        </test-method> <!-- quit -->
      </class> <!-- SearchTest -->
    </test> <!-- search test -->
    <test started-at="2023-01-16T04:53:37 GMT" name="search test 2" finished-at="2023-01-16T04:54:15 GMT" duration-ms="38696">
      <class name="SearchTest">
        <test-method is-config="true" signature="setUpDriver()[pri:0, instance:SearchTest@341b80b2]" started-at="2023-01-16T04:53:37 GMT" name="setUpDriver" finished-at="2023-01-16T04:54:08 GMT" duration-ms="31479" status="PASS">
          <reporter-output>
          </reporter-output>
        </test-method> <!-- setUpDriver -->
        <test-method signature="searchTest(java.lang.String)[pri:0, instance:SearchTest@341b80b2]" started-at="2023-01-16T04:54:08 GMT" name="searchTest" finished-at="2023-01-16T04:54:15 GMT" duration-ms="6509" status="PASS">
          <params>
            <param index="0">
              <value>
                <![CDATA[qa]]>
              </value>
            </param>
          </params>
          <reporter-output>
          </reporter-output>
        </test-method> <!-- searchTest -->
        <test-method is-config="true" signature="quit()[pri:0, instance:SearchTest@341b80b2]" started-at="2023-01-16T04:54:15 GMT" name="quit" finished-at="2023-01-16T04:54:15 GMT" duration-ms="693" status="PASS">
          <reporter-output>
          </reporter-output>
        </test-method> <!-- quit -->
      </class> <!-- SearchTest -->
    </test> <!-- search test 2 -->
  </suite> <!-- search suite -->
</testng-results>
