<?xml version="1.0" encoding="UTF-8"?>
<testng-results ignored="0" total="3" passed="3" failed="0" skipped="0">
  <reporter-output>
  </reporter-output>
  <suite started-at="2023-01-16T01:56:21 GMT" name="search suite" finished-at="2023-01-16T01:56:37 GMT" duration-ms="15599">
    <groups>
    </groups>
    <test started-at="2023-01-16T01:56:21 GMT" name="search test" finished-at="2023-01-16T01:56:26 GMT" duration-ms="4559">
      <class name="SearchTest">
        <test-method is-config="true" signature="setUpDriver()[pri:0, instance:SearchTest@226a82c4]" started-at="2023-01-16T01:56:21 GMT" name="setUpDriver" finished-at="2023-01-16T01:56:22 GMT" duration-ms="958" status="PASS">
          <reporter-output>
          </reporter-output>
        </test-method> <!-- setUpDriver -->
        <test-method signature="searchTest(java.lang.String)[pri:0, instance:SearchTest@226a82c4]" started-at="2023-01-16T01:56:22 GMT" name="searchTest" finished-at="2023-01-16T01:56:26 GMT" duration-ms="3493" status="PASS">
          <params>
            <param index="0">
              <value>
                <![CDATA[Java]]>
              </value>
            </param>
          </params>
          <reporter-output>
          </reporter-output>
        </test-method> <!-- searchTest -->
        <test-method is-config="true" signature="quit()[pri:0, instance:SearchTest@226a82c4]" started-at="2023-01-16T01:56:26 GMT" name="quit" finished-at="2023-01-16T01:56:26 GMT" duration-ms="87" status="PASS">
          <reporter-output>
          </reporter-output>
        </test-method> <!-- quit -->
      </class> <!-- SearchTest -->
    </test> <!-- search test -->
    <test started-at="2023-01-16T01:56:21 GMT" name="search test 2" finished-at="2023-01-16T01:56:33 GMT" duration-ms="11950">
      <class name="SearchTest">
        <test-method is-config="true" signature="setUpDriver()[pri:0, instance:SearchTest@341b80b2]" started-at="2023-01-16T01:56:21 GMT" name="setUpDriver" finished-at="2023-01-16T01:56:26 GMT" duration-ms="4830" status="PASS">
          <reporter-output>
          </reporter-output>
        </test-method> <!-- setUpDriver -->
        <test-method signature="searchTest(java.lang.String)[pri:0, instance:SearchTest@341b80b2]" started-at="2023-01-16T01:56:26 GMT" name="searchTest" finished-at="2023-01-16T01:56:33 GMT" duration-ms="7017" status="PASS">
          <params>
            <param index="0">
              <value>
                <![CDATA[qa]]>
              </value>
            </param>
          </params>
          <reporter-output>
          </reporter-output>
        </test-method> <!-- searchTest -->
        <test-method is-config="true" signature="quit()[pri:0, instance:SearchTest@341b80b2]" started-at="2023-01-16T01:56:33 GMT" name="quit" finished-at="2023-01-16T01:56:33 GMT" duration-ms="93" status="PASS">
          <reporter-output>
          </reporter-output>
        </test-method> <!-- quit -->
      </class> <!-- SearchTest -->
    </test> <!-- search test 2 -->
    <test started-at="2023-01-16T01:56:21 GMT" name="search test 1" finished-at="2023-01-16T01:56:37 GMT" duration-ms="15599">
      <class name="SearchTest">
        <test-method is-config="true" signature="setUpDriver()[pri:0, instance:SearchTest@52e677af]" started-at="2023-01-16T01:56:21 GMT" name="setUpDriver" finished-at="2023-01-16T01:56:33 GMT" duration-ms="12209" status="PASS">
          <reporter-output>
          </reporter-output>
        </test-method> <!-- setUpDriver -->
        <test-method signature="searchTest(java.lang.String)[pri:0, instance:SearchTest@52e677af]" started-at="2023-01-16T01:56:33 GMT" name="searchTest" finished-at="2023-01-16T01:56:37 GMT" duration-ms="3253" status="PASS">
          <params>
            <param index="0">
              <value>
                <![CDATA[test]]>
              </value>
            </param>
          </params>
          <reporter-output>
          </reporter-output>
        </test-method> <!-- searchTest -->
        <test-method is-config="true" signature="quit()[pri:0, instance:SearchTest@52e677af]" started-at="2023-01-16T01:56:37 GMT" name="quit" finished-at="2023-01-16T01:56:37 GMT" duration-ms="128" status="PASS">
          <reporter-output>
          </reporter-output>
        </test-method> <!-- quit -->
      </class> <!-- SearchTest -->
    </test> <!-- search test 1 -->
  </suite> <!-- search suite -->
</testng-results>
